<?xml version="1.0" encoding="UTF-8"?>
<testsuite xmlns:xsi="http://www.w3.org/2001/XMLSchema-instance" xsi:noNamespaceSchemaLocation="https://maven.apache.org/surefire/maven-surefire-plugin/xsd/surefire-test-report.xsd" version="3.0.2" name="com.apigateway.products.ProductsServiceApplicationTests" time="2.246" tests="1" errors="0" skipped="0" failures="0" flakes="0">
  <properties>
[...]
</properties>
  <testcase name="contextLoads" classname="com.apigateway.products.ProductsServiceApplicationTests" time="0.6">
    <system-out><![CDATA[17:05:04.821 [main] INFO org.springframework.test.context.support.AnnotationConfigContextLoaderUtils -- Could not detect default configuration classes for test class [com.apigateway.products.ProductsServiceApplicationTests]: ProductsServiceApplicationTests does not declare any static, non-private, non-final, nested classes annotated with @Configuration.
17:05:04.924 [main] INFO org.springframework.boot.test.context.SpringBootTestContextBootstrapper -- Found @SpringBootConfiguration com.apigateway.products.ProductsServiceApplication for test class com.apigateway.products.ProductsServiceApplicationTests
17:05:05.002 [main] INFO org.springframework.test.context.support.AnnotationConfigContextLoaderUtils -- Could not detect default configuration classes for test class [com.apigateway.products.ProductsServiceApplicationTests]: ProductsServiceApplicationTests does not declare any static, non-private, non-final, nested classes annotated with @Configuration.
17:05:05.004 [main] INFO org.springframework.boot.test.context.SpringBootTestContextBootstrapper -- Found @SpringBootConfiguration com.apigateway.products.ProductsServiceApplication for test class com.apigateway.products.ProductsServiceApplicationTests
17:05:05.064 [main] INFO org.springframework.boot.devtools.restart.RestartApplicationListener -- Restart disabled due to context in which it is running

  .   ____          _            __ _ _
 /\\ / ___'_ __ _ _(_)_ __  __ _ \ \ \ \
( ( )\___ | '_ | '_| | '_ \/ _` | \ \ \ \
 \\/  ___)| |_)| | | | | || (_| |  ) ) ) )
  '  |____| .__|_| |_|_| |_\__, | / / / /
 =========|_|==============|___/=/_/_/_/

 :: Spring Boot ::                (v4.1.0)

2026-08-17T17:05:05.358+02:00  INFO 11568 --- [products-service] [           main] c.a.p.ProductsServiceApplicationTests    : Starting ProductsServiceApplicationTests using Java 23.0.1 with PID 11568 (started by gabri in C:\Users\gabri\Desktop\api-gateway-platform\services\products-service)
2026-08-17T17:05:05.360+02:00  INFO 11568 --- [products-service] [           main] c.a.p.ProductsServiceApplicationTests    : No active profile set, falling back to 1 default profile: "default"
2026-08-17T17:05:06.262+02:00  INFO 11568 --- [products-service] [           main] c.a.p.ProductsServiceApplicationTests    : Started ProductsServiceApplicationTests in 1.209 seconds (process running for 2.195)
]]></system-out>
    <system-err><![CDATA[Mockito is currently self-attaching to enable the inline-mock-maker. This will no longer work in future releases of the JDK. Please add Mockito as an agent to your build as described in Mockito's documentation: https://javadoc.io/doc/org.mockito/mockito-core/latest/org.mockito/org/mockito/Mockito.html#0.3
WARNING: A Java agent has been loaded dynamically (C:\Users\gabri\.m2\repository\net\bytebuddy\byte-buddy-agent\1.18.10\byte-buddy-agent-1.18.10.jar)
WARNING: If a serviceability tool is in use, please run with -XX:+EnableDynamicAgentLoading to hide this warning
WARNING: If a serviceability tool is not in use, please run with -Djdk.instrument.traceUsage for more information
WARNING: Dynamic loading of agents will be disallowed by default in a future release
]]></system-err>
  </testcase>
</testsuite>